0 info it worked if it ends with ok
1 verbose cli [ 'node', '/usr/bin/npm', 'install', 'pil3' ]
2 info using npm@1.3.6
3 info using node@v0.10.36
4 verbose cache add [ 'pil3', null ]
5 verbose cache add name=undefined spec="pil3" args=["pil3",null]
6 verbose parsed url { protocol: null,
6 verbose parsed url   slashes: null,
6 verbose parsed url   auth: null,
6 verbose parsed url   host: null,
6 verbose parsed url   port: null,
6 verbose parsed url   hostname: null,
6 verbose parsed url   hash: null,
6 verbose parsed url   search: null,
6 verbose parsed url   query: null,
6 verbose parsed url   pathname: 'pil3',
6 verbose parsed url   path: 'pil3',
6 verbose parsed url   href: 'pil3' }
7 silly lockFile 14a375de-pil3 pil3
8 verbose lock pil3 /root/.npm/14a375de-pil3.lock
9 silly lockFile 14a375de-pil3 pil3
10 silly lockFile 14a375de-pil3 pil3
11 verbose addNamed [ 'pil3', '' ]
12 verbose addNamed [ null, '*' ]
13 silly lockFile 286319b3-pil3 pil3@
14 verbose lock pil3@ /root/.npm/286319b3-pil3.lock
15 silly addNameRange { name: 'pil3', range: '*', hasData: false }
16 verbose url raw pil3
17 verbose url resolving [ 'https://registry.npmjs.org/', './pil3' ]
18 verbose url resolved https://registry.npmjs.org/pil3
19 info trying registry request attempt 1 at 08:54:01
20 http GET https://registry.npmjs.org/pil3
21 http 404 https://registry.npmjs.org/pil3
22 verbose headers { server: 'CouchDB/1.5.0 (Erlang OTP/R16B03)',
22 verbose headers   'content-type': 'application/json',
22 verbose headers   'cache-control': 'max-age=0',
22 verbose headers   'content-length': '51',
22 verbose headers   'accept-ranges': 'bytes',
22 verbose headers   date: 'Sat, 13 Jun 2015 12:54:01 GMT',
22 verbose headers   via: '1.1 varnish',
22 verbose headers   age: '0',
22 verbose headers   connection: 'keep-alive',
22 verbose headers   'x-served-by': 'cache-lcy1123-LCY',
22 verbose headers   'x-cache': 'MISS',
22 verbose headers   'x-cache-hits': '0',
22 verbose headers   'x-timer': 'S1434200041.292785,VS0,VE678' }
23 silly registry.get cb [ 404,
23 silly registry.get   { server: 'CouchDB/1.5.0 (Erlang OTP/R16B03)',
23 silly registry.get     'content-type': 'application/json',
23 silly registry.get     'cache-control': 'max-age=0',
23 silly registry.get     'content-length': '51',
23 silly registry.get     'accept-ranges': 'bytes',
23 silly registry.get     date: 'Sat, 13 Jun 2015 12:54:01 GMT',
23 silly registry.get     via: '1.1 varnish',
23 silly registry.get     age: '0',
23 silly registry.get     connection: 'keep-alive',
23 silly registry.get     'x-served-by': 'cache-lcy1123-LCY',
23 silly registry.get     'x-cache': 'MISS',
23 silly registry.get     'x-cache-hits': '0',
23 silly registry.get     'x-timer': 'S1434200041.292785,VS0,VE678' } ]
24 silly lockFile 286319b3-pil3 pil3@
25 silly lockFile 286319b3-pil3 pil3@
26 error 404 'pil3' is not in the npm registry.
26 error 404 You should bug the author to publish it
26 error 404
26 error 404 Note that you can also install from a
26 error 404 tarball, folder, or http url, or git url.
27 error System Linux 2.6.32-431.1.2.0.1.el6.i686
28 error command "node" "/usr/bin/npm" "install" "pil3"
29 error cwd /home/parakhod/web/ds.riberastudio.com
30 error node -v v0.10.36
31 error npm -v 1.3.6
32 error code E404
33 verbose exit [ 1, true ]
